<?xml version="1.0" encoding="UTF-8"?>
<testng-results ignored="0" total="1" passed="1" failed="0" skipped="0">
  <reporter-output>
  </reporter-output>
  <suite started-at="2022-09-19T14:32:49 IST" name="NewTest" finished-at="2022-09-19T14:32:53 IST" duration-ms="3320">
    <groups>
    </groups>
    <test started-at="2022-09-19T14:32:49 IST" name="Command line test" finished-at="2022-09-19T14:32:53 IST" duration-ms="3320">
      <class name="NewTest">
        <test-method is-config="true" signature="beforeTest()[pri:0, instance:NewTest@6025e1b6]" started-at="2022-09-19T14:32:49 IST" name="beforeTest" finished-at="2022-09-19T14:32:52 IST" duration-ms="2871" status="PASS">
          <reporter-output>
          </reporter-output>
        </test-method> <!-- beforeTest -->
        <test-method signature="chromeTest()[pri:0, instance:NewTest@6025e1b6]" started-at="2022-09-19T14:32:52 IST" name="chromeTest" finished-at="2022-09-19T14:32:52 IST" duration-ms="94" status="PASS">
          <reporter-output>
          </reporter-output>
        </test-method> <!-- chromeTest -->
        <test-method is-config="true" signature="afterTest()[pri:0, instance:NewTest@6025e1b6]" started-at="2022-09-19T14:32:52 IST" name="afterTest" finished-at="2022-09-19T14:32:53 IST" duration-ms="207" status="PASS">
          <reporter-output>
          </reporter-output>
        </test-method> <!-- afterTest -->
      </class> <!-- NewTest -->
    </test> <!-- Command line test -->
  </suite> <!-- NewTest -->
</testng-results>
